{"C:\\Users\\bromotdi\\react-project-components\\src\\App.tsx": {"path":"C:\\Users\\bromotdi\\react-project-components\\src\\App.tsx","statementMap":{"0":{"start":{"line":10,"column":13},"end":{"line":131,"column":1}},"1":{"start":{"line":135,"column":4},"end":{"line":143,"column":6}}},"fnMap":{"0":{"name":"(anonymous_0)","decl":{"start":{"line":134,"column":2},"end":{"line":134,"column":3}},"loc":{"start":{"line":134,"column":11},"end":{"line":144,"column":3}},"line":134}},"branchMap":{},"s":{"0":2,"1":1},"f":{"0":1},"b":{},"_coverageSchema":"1a1c01bbd47fc00a2c39e90264f33305004495a9","hash":"65f8e9f59b195ccc833996c95ed5f03d950a6f0e"}
,"C:\\Users\\bromotdi\\react-project-components\\src\\index.tsx": {"path":"C:\\Users\\bromotdi\\react-project-components\\src\\index.tsx","statementMap":{"0":{"start":{"line":7,"column":0},"end":{"line":14,"column":2}},"1":{"start":{"line":19,"column":0},"end":{"line":19,"column":18}}},"fnMap":{},"branchMap":{},"s":{"0":1,"1":1},"f":{},"b":{},"_coverageSchema":"1a1c01bbd47fc00a2c39e90264f33305004495a9","hash":"1aa980de1a06f0bdcb8880e43479505697ec25f2"}
,"C:\\Users\\bromotdi\\react-project-components\\src\\reportWebVitals.ts": {"path":"C:\\Users\\bromotdi\\react-project-components\\src\\reportWebVitals.ts","statementMap":{"0":{"start":{"line":3,"column":24},"end":{"line":13,"column":1}},"1":{"start":{"line":4,"column":2},"end":{"line":12,"column":3}},"2":{"start":{"line":5,"column":4},"end":{"line":11,"column":7}},"3":{"start":{"line":6,"column":6},"end":{"line":6,"column":26}},"4":{"start":{"line":7,"column":6},"end":{"line":7,"column":26}},"5":{"start":{"line":8,"column":6},"end":{"line":8,"column":26}},"6":{"start":{"line":9,"column":6},"end":{"line":9,"column":26}},"7":{"start":{"line":10,"column":6},"end":{"line":10,"column":27}}},"fnMap":{"0":{"name":"(anonymous_0)","decl":{"start":{"line":3,"column":24},"end":{"line":3,"column":25}},"loc":{"start":{"line":3,"column":57},"end":{"line":13,"column":1}},"line":3},"1":{"name":"(anonymous_1)","decl":{"start":{"line":5,"column":30},"end":{"line":5,"column":31}},"loc":{"start":{"line":5,"column":79},"end":{"line":11,"column":5}},"line":5}},"branchMap":{"0":{"loc":{"start":{"line":4,"column":2},"end":{"line":12,"column":3}},"type":"if","locations":[{"start":{"line":4,"column":2},"end":{"line":12,"column":3}},{"start":{},"end":{}}],"line":4},"1":{"loc":{"start":{"line":4,"column":6},"end":{"line":4,"column":52}},"type":"binary-expr","locations":[{"start":{"line":4,"column":6},"end":{"line":4,"column":17}},{"start":{"line":4,"column":21},"end":{"line":4,"column":52}}],"line":4}},"s":{"0":1,"1":1,"2":0,"3":0,"4":0,"5":0,"6":0,"7":0},"f":{"0":1,"1":0},"b":{"0":[0,1],"1":[1,0]},"_coverageSchema":"1a1c01bbd47fc00a2c39e90264f33305004495a9","hash":"97e12472bb1f2d2e50110a5c5baa89fa084d913b"}
,"C:\\Users\\bromotdi\\react-project-components\\src\\types.ts": {"path":"C:\\Users\\bromotdi\\react-project-components\\src\\types.ts","statementMap":{},"fnMap":{},"branchMap":{},"s":{},"f":{},"b":{}}
,"C:\\Users\\bromotdi\\react-project-components\\src\\components\\Footer\\Footer.tsx": {"path":"C:\\Users\\bromotdi\\react-project-components\\src\\components\\Footer\\Footer.tsx","statementMap":{"0":{"start":{"line":11,"column":4},"end":{"line":21,"column":6}}},"fnMap":{"0":{"name":"(anonymous_0)","decl":{"start":{"line":10,"column":2},"end":{"line":10,"column":3}},"loc":{"start":{"line":10,"column":11},"end":{"line":22,"column":3}},"line":10}},"branchMap":{},"s":{"0":3},"f":{"0":3},"b":{},"_coverageSchema":"1a1c01bbd47fc00a2c39e90264f33305004495a9","hash":"5dc4b53bbd5ff09ad92e449f5888e8e3bdb1fdf5"}
,"C:\\Users\\bromotdi\\react-project-components\\src\\components\\Footer\\index.ts": {"path":"C:\\Users\\bromotdi\\react-project-components\\src\\components\\Footer\\index.ts","statementMap":{},"fnMap":{},"branchMap":{},"s":{},"f":{},"b":{},"_coverageSchema":"1a1c01bbd47fc00a2c39e90264f33305004495a9","hash":"c1edd35f4c541188203a0d145f3da983a591134f"}
,"C:\\Users\\bromotdi\\react-project-components\\src\\components\\Header\\Header.tsx": {"path":"C:\\Users\\bromotdi\\react-project-components\\src\\components\\Header\\Header.tsx","statementMap":{"0":{"start":{"line":10,"column":4},"end":{"line":35,"column":6}}},"fnMap":{"0":{"name":"(anonymous_0)","decl":{"start":{"line":9,"column":2},"end":{"line":9,"column":3}},"loc":{"start":{"line":9,"column":11},"end":{"line":36,"column":3}},"line":9}},"branchMap":{},"s":{"0":4},"f":{"0":4},"b":{},"_coverageSchema":"1a1c01bbd47fc00a2c39e90264f33305004495a9","hash":"4fb08a9288ef9c1070cf54b1191a4197a1babf9f"}
,"C:\\Users\\bromotdi\\react-project-components\\src\\components\\Header\\index.ts": {"path":"C:\\Users\\bromotdi\\react-project-components\\src\\components\\Header\\index.ts","statementMap":{},"fnMap":{},"branchMap":{},"s":{},"f":{},"b":{},"_coverageSchema":"1a1c01bbd47fc00a2c39e90264f33305004495a9","hash":"887ffb0bcd6d400de810d8527a4238e6c3d82abc"}
,"C:\\Users\\bromotdi\\react-project-components\\src\\components\\ItemList\\ItemList.tsx": {"path":"C:\\Users\\bromotdi\\react-project-components\\src\\components\\ItemList\\ItemList.tsx","statementMap":{"0":{"start":{"line":13,"column":4},"end":{"line":13,"column":17}},"1":{"start":{"line":17,"column":4},"end":{"line":26,"column":6}},"2":{"start":{"line":22,"column":12},"end":{"line":22,"column":54}}},"fnMap":{"0":{"name":"(anonymous_0)","decl":{"start":{"line":12,"column":2},"end":{"line":12,"column":3}},"loc":{"start":{"line":12,"column":36},"end":{"line":14,"column":3}},"line":12},"1":{"name":"(anonymous_1)","decl":{"start":{"line":16,"column":2},"end":{"line":16,"column":3}},"loc":{"start":{"line":16,"column":11},"end":{"line":27,"column":3}},"line":16},"2":{"name":"(anonymous_2)","decl":{"start":{"line":21,"column":35},"end":{"line":21,"column":36}},"loc":{"start":{"line":22,"column":12},"end":{"line":22,"column":54}},"line":22}},"branchMap":{},"s":{"0":3,"1":3,"2":15},"f":{"0":3,"1":3,"2":15},"b":{},"_coverageSchema":"1a1c01bbd47fc00a2c39e90264f33305004495a9","hash":"d3a72d5716b440994e0dd212cf64a1987121dda9"}
,"C:\\Users\\bromotdi\\react-project-components\\src\\components\\ItemList\\index.ts": {"path":"C:\\Users\\bromotdi\\react-project-components\\src\\components\\ItemList\\index.ts","statementMap":{},"fnMap":{},"branchMap":{},"s":{},"f":{},"b":{},"_coverageSchema":"1a1c01bbd47fc00a2c39e90264f33305004495a9","hash":"d30ca5780f67fd2a10c9bb80da2fc19c00b48484"}
,"C:\\Users\\bromotdi\\react-project-components\\src\\components\\ItemList\\PersonCard\\PersonCard.tsx": {"path":"C:\\Users\\bromotdi\\react-project-components\\src\\components\\ItemList\\PersonCard\\PersonCard.tsx","statementMap":{"0":{"start":{"line":11,"column":4},"end":{"line":11,"column":17}},"1":{"start":{"line":15,"column":63},"end":{"line":15,"column":80}},"2":{"start":{"line":16,"column":4},"end":{"line":39,"column":6}}},"fnMap":{"0":{"name":"(anonymous_0)","decl":{"start":{"line":10,"column":2},"end":{"line":10,"column":3}},"loc":{"start":{"line":10,"column":38},"end":{"line":12,"column":3}},"line":10},"1":{"name":"(anonymous_1)","decl":{"start":{"line":14,"column":2},"end":{"line":14,"column":3}},"loc":{"start":{"line":14,"column":11},"end":{"line":40,"column":3}},"line":14}},"branchMap":{},"s":{"0":16,"1":16,"2":16},"f":{"0":16,"1":16},"b":{},"_coverageSchema":"1a1c01bbd47fc00a2c39e90264f33305004495a9","hash":"3f554eab63072a9159ebeca1ac013c8e73ab1a81"}
,"C:\\Users\\bromotdi\\react-project-components\\src\\components\\ItemList\\PersonCard\\index.ts": {"path":"C:\\Users\\bromotdi\\react-project-components\\src\\components\\ItemList\\PersonCard\\index.ts","statementMap":{},"fnMap":{},"branchMap":{},"s":{},"f":{},"b":{},"_coverageSchema":"1a1c01bbd47fc00a2c39e90264f33305004495a9","hash":"c5f018beeed1a2855e24af7e83f3d335d3ec5221"}
,"C:\\Users\\bromotdi\\react-project-components\\src\\components\\PageLayout\\PageLayout.tsx": {"path":"C:\\Users\\bromotdi\\react-project-components\\src\\components\\PageLayout\\PageLayout.tsx","statementMap":{"0":{"start":{"line":10,"column":4},"end":{"line":18,"column":6}}},"fnMap":{"0":{"name":"(anonymous_0)","decl":{"start":{"line":9,"column":2},"end":{"line":9,"column":3}},"loc":{"start":{"line":9,"column":11},"end":{"line":19,"column":3}},"line":9}},"branchMap":{},"s":{"0":2},"f":{"0":2},"b":{},"_coverageSchema":"1a1c01bbd47fc00a2c39e90264f33305004495a9","hash":"b13bdf7e0cf87a4651fe95ab799f7f114e0dd89a"}
,"C:\\Users\\bromotdi\\react-project-components\\src\\components\\PageLayout\\index.ts": {"path":"C:\\Users\\bromotdi\\react-project-components\\src\\components\\PageLayout\\index.ts","statementMap":{},"fnMap":{},"branchMap":{},"s":{},"f":{},"b":{},"_coverageSchema":"1a1c01bbd47fc00a2c39e90264f33305004495a9","hash":"51c2442bc1fef3931e24554046c523999db6bf4a"}
,"C:\\Users\\bromotdi\\react-project-components\\src\\components\\Search\\Search.tsx": {"path":"C:\\Users\\bromotdi\\react-project-components\\src\\components\\Search\\Search.tsx","statementMap":{"0":{"start":{"line":6,"column":10},"end":{"line":8,"column":3}},"1":{"start":{"line":10,"column":16},"end":{"line":14,"column":3}},"2":{"start":{"line":11,"column":21},"end":{"line":11,"column":35}},"3":{"start":{"line":13,"column":4},"end":{"line":13,"column":45}},"4":{"start":{"line":17,"column":24},"end":{"line":17,"column":59}},"5":{"start":{"line":18,"column":4},"end":{"line":18,"column":48}},"6":{"start":{"line":22,"column":4},"end":{"line":22,"column":64}},"7":{"start":{"line":26,"column":4},"end":{"line":38,"column":6}}},"fnMap":{"0":{"name":"(anonymous_0)","decl":{"start":{"line":10,"column":16},"end":{"line":10,"column":17}},"loc":{"start":{"line":10,"column":66},"end":{"line":14,"column":3}},"line":10},"1":{"name":"(anonymous_1)","decl":{"start":{"line":16,"column":2},"end":{"line":16,"column":3}},"loc":{"start":{"line":16,"column":30},"end":{"line":19,"column":3}},"line":16},"2":{"name":"(anonymous_2)","decl":{"start":{"line":21,"column":2},"end":{"line":21,"column":3}},"loc":{"start":{"line":21,"column":25},"end":{"line":23,"column":3}},"line":21},"3":{"name":"(anonymous_3)","decl":{"start":{"line":25,"column":2},"end":{"line":25,"column":3}},"loc":{"start":{"line":25,"column":11},"end":{"line":39,"column":3}},"line":25}},"branchMap":{},"s":{"0":7,"1":7,"2":1,"3":1,"4":7,"5":7,"6":7,"7":8},"f":{"0":1,"1":7,"2":7,"3":8},"b":{},"_coverageSchema":"1a1c01bbd47fc00a2c39e90264f33305004495a9","hash":"0dd20ed48bd1f489a974e780c18751fbeb75f0e7"}
,"C:\\Users\\bromotdi\\react-project-components\\src\\components\\Search\\index.ts": {"path":"C:\\Users\\bromotdi\\react-project-components\\src\\components\\Search\\index.ts","statementMap":{},"fnMap":{},"branchMap":{},"s":{},"f":{},"b":{},"_coverageSchema":"1a1c01bbd47fc00a2c39e90264f33305004495a9","hash":"3277fd0f6b7bd7978d995354d4030fdf976c4b8d"}
,"C:\\Users\\bromotdi\\react-project-components\\src\\pages\\AboutPage\\AboutPage.tsx": {"path":"C:\\Users\\bromotdi\\react-project-components\\src\\pages\\AboutPage\\AboutPage.tsx","statementMap":{"0":{"start":{"line":6,"column":4},"end":{"line":33,"column":6}}},"fnMap":{"0":{"name":"(anonymous_0)","decl":{"start":{"line":5,"column":2},"end":{"line":5,"column":3}},"loc":{"start":{"line":5,"column":11},"end":{"line":34,"column":3}},"line":5}},"branchMap":{},"s":{"0":1},"f":{"0":1},"b":{},"_coverageSchema":"1a1c01bbd47fc00a2c39e90264f33305004495a9","hash":"40363920da75ead2417710bf716fe16006f3bd5a"}
,"C:\\Users\\bromotdi\\react-project-components\\src\\pages\\AboutPage\\index.ts": {"path":"C:\\Users\\bromotdi\\react-project-components\\src\\pages\\AboutPage\\index.ts","statementMap":{},"fnMap":{},"branchMap":{},"s":{},"f":{},"b":{}}
,"C:\\Users\\bromotdi\\react-project-components\\src\\pages\\HomePage\\HomePage.tsx": {"path":"C:\\Users\\bromotdi\\react-project-components\\src\\pages\\HomePage\\HomePage.tsx","statementMap":{"0":{"start":{"line":12,"column":4},"end":{"line":12,"column":17}},"1":{"start":{"line":15,"column":4},"end":{"line":20,"column":6}}},"fnMap":{"0":{"name":"(anonymous_0)","decl":{"start":{"line":11,"column":2},"end":{"line":11,"column":3}},"loc":{"start":{"line":11,"column":36},"end":{"line":13,"column":3}},"line":11},"1":{"name":"(anonymous_1)","decl":{"start":{"line":14,"column":2},"end":{"line":14,"column":3}},"loc":{"start":{"line":14,"column":11},"end":{"line":21,"column":3}},"line":14}},"branchMap":{},"s":{"0":4,"1":2},"f":{"0":4,"1":2},"b":{},"_coverageSchema":"1a1c01bbd47fc00a2c39e90264f33305004495a9","hash":"a57c79720365bd9a31296515b86e4dbe2d5ab75b"}
,"C:\\Users\\bromotdi\\react-project-components\\src\\pages\\HomePage\\index.ts": {"path":"C:\\Users\\bromotdi\\react-project-components\\src\\pages\\HomePage\\index.ts","statementMap":{},"fnMap":{},"branchMap":{},"s":{},"f":{},"b":{},"_coverageSchema":"1a1c01bbd47fc00a2c39e90264f33305004495a9","hash":"6e714bdb4ba5cd7d9c42769558cd7790904534e1"}
,"C:\\Users\\bromotdi\\react-project-components\\src\\pages\\NotFoundPage\\NotFoundPage.tsx": {"path":"C:\\Users\\bromotdi\\react-project-components\\src\\pages\\NotFoundPage\\NotFoundPage.tsx","statementMap":{"0":{"start":{"line":8,"column":4},"end":{"line":14,"column":6}}},"fnMap":{"0":{"name":"(anonymous_0)","decl":{"start":{"line":7,"column":2},"end":{"line":7,"column":3}},"loc":{"start":{"line":7,"column":11},"end":{"line":15,"column":3}},"line":7}},"branchMap":{},"s":{"0":1},"f":{"0":1},"b":{},"_coverageSchema":"1a1c01bbd47fc00a2c39e90264f33305004495a9","hash":"d78f9353db802e1f186047938e8974dab35dd78e"}
,"C:\\Users\\bromotdi\\react-project-components\\src\\pages\\NotFoundPage\\index.ts": {"path":"C:\\Users\\bromotdi\\react-project-components\\src\\pages\\NotFoundPage\\index.ts","statementMap":{},"fnMap":{},"branchMap":{},"s":{},"f":{},"b":{}}
}
