{"C:\\Users\\bromotdi\\components\\src\\App.tsx": {"path":"C:\\Users\\bromotdi\\components\\src\\App.tsx","statementMap":{"0":{"start":{"line":10,"column":13},"end":{"line":131,"column":1}},"1":{"start":{"line":135,"column":4},"end":{"line":143,"column":6}}},"fnMap":{"0":{"name":"(anonymous_0)","decl":{"start":{"line":134,"column":2},"end":{"line":134,"column":3}},"loc":{"start":{"line":134,"column":11},"end":{"line":144,"column":3}},"line":134}},"branchMap":{},"s":{"0":2,"1":1},"f":{"0":1},"b":{},"_coverageSchema":"1a1c01bbd47fc00a2c39e90264f33305004495a9","hash":"ec2d9ac4625829511a54d06ee476860e1ec38099"}
,"C:\\Users\\bromotdi\\components\\src\\index.tsx": {"path":"C:\\Users\\bromotdi\\components\\src\\index.tsx","statementMap":{"0":{"start":{"line":7,"column":0},"end":{"line":14,"column":2}},"1":{"start":{"line":19,"column":0},"end":{"line":19,"column":18}}},"fnMap":{},"branchMap":{},"s":{"0":1,"1":1},"f":{},"b":{},"_coverageSchema":"1a1c01bbd47fc00a2c39e90264f33305004495a9","hash":"3ba5827daa924597f221829de9ed5a7dc6ec3e5c"}
,"C:\\Users\\bromotdi\\components\\src\\reportWebVitals.ts": {"path":"C:\\Users\\bromotdi\\components\\src\\reportWebVitals.ts","statementMap":{"0":{"start":{"line":3,"column":24},"end":{"line":13,"column":1}},"1":{"start":{"line":4,"column":2},"end":{"line":12,"column":3}},"2":{"start":{"line":5,"column":4},"end":{"line":11,"column":7}},"3":{"start":{"line":6,"column":6},"end":{"line":6,"column":26}},"4":{"start":{"line":7,"column":6},"end":{"line":7,"column":26}},"5":{"start":{"line":8,"column":6},"end":{"line":8,"column":26}},"6":{"start":{"line":9,"column":6},"end":{"line":9,"column":26}},"7":{"start":{"line":10,"column":6},"end":{"line":10,"column":27}}},"fnMap":{"0":{"name":"(anonymous_0)","decl":{"start":{"line":3,"column":24},"end":{"line":3,"column":25}},"loc":{"start":{"line":3,"column":57},"end":{"line":13,"column":1}},"line":3},"1":{"name":"(anonymous_1)","decl":{"start":{"line":5,"column":30},"end":{"line":5,"column":31}},"loc":{"start":{"line":5,"column":79},"end":{"line":11,"column":5}},"line":5}},"branchMap":{"0":{"loc":{"start":{"line":4,"column":2},"end":{"line":12,"column":3}},"type":"if","locations":[{"start":{"line":4,"column":2},"end":{"line":12,"column":3}},{"start":{},"end":{}}],"line":4},"1":{"loc":{"start":{"line":4,"column":6},"end":{"line":4,"column":52}},"type":"binary-expr","locations":[{"start":{"line":4,"column":6},"end":{"line":4,"column":17}},{"start":{"line":4,"column":21},"end":{"line":4,"column":52}}],"line":4}},"s":{"0":1,"1":1,"2":0,"3":0,"4":0,"5":0,"6":0,"7":0},"f":{"0":1,"1":0},"b":{"0":[0,1],"1":[1,0]},"_coverageSchema":"1a1c01bbd47fc00a2c39e90264f33305004495a9","hash":"be024ebc94902d97e64b351e8531585e33d383f0"}
,"C:\\Users\\bromotdi\\components\\src\\types.ts": {"path":"C:\\Users\\bromotdi\\components\\src\\types.ts","statementMap":{},"fnMap":{},"branchMap":{},"s":{},"f":{},"b":{}}
,"C:\\Users\\bromotdi\\components\\src\\components\\Footer\\Footer.tsx": {"path":"C:\\Users\\bromotdi\\components\\src\\components\\Footer\\Footer.tsx","statementMap":{"0":{"start":{"line":11,"column":4},"end":{"line":21,"column":6}}},"fnMap":{"0":{"name":"(anonymous_0)","decl":{"start":{"line":10,"column":2},"end":{"line":10,"column":3}},"loc":{"start":{"line":10,"column":11},"end":{"line":22,"column":3}},"line":10}},"branchMap":{},"s":{"0":4},"f":{"0":4},"b":{},"_coverageSchema":"1a1c01bbd47fc00a2c39e90264f33305004495a9","hash":"4b03a7f270921dd509c5d8fb8b37c8d85f824de1"}
,"C:\\Users\\bromotdi\\components\\src\\components\\Footer\\index.ts": {"path":"C:\\Users\\bromotdi\\components\\src\\components\\Footer\\index.ts","statementMap":{},"fnMap":{},"branchMap":{},"s":{},"f":{},"b":{},"_coverageSchema":"1a1c01bbd47fc00a2c39e90264f33305004495a9","hash":"ca6a7388006b1ad31575a5b878fdcccf716bc882"}
,"C:\\Users\\bromotdi\\components\\src\\components\\Header\\Header.tsx": {"path":"C:\\Users\\bromotdi\\components\\src\\components\\Header\\Header.tsx","statementMap":{"0":{"start":{"line":10,"column":4},"end":{"line":35,"column":6}}},"fnMap":{"0":{"name":"(anonymous_0)","decl":{"start":{"line":9,"column":2},"end":{"line":9,"column":3}},"loc":{"start":{"line":9,"column":11},"end":{"line":36,"column":3}},"line":9}},"branchMap":{},"s":{"0":5},"f":{"0":5},"b":{},"_coverageSchema":"1a1c01bbd47fc00a2c39e90264f33305004495a9","hash":"4a23f49c91a88402cf25ecf25766943972c93590"}
,"C:\\Users\\bromotdi\\components\\src\\components\\Header\\index.ts": {"path":"C:\\Users\\bromotdi\\components\\src\\components\\Header\\index.ts","statementMap":{},"fnMap":{},"branchMap":{},"s":{},"f":{},"b":{},"_coverageSchema":"1a1c01bbd47fc00a2c39e90264f33305004495a9","hash":"c1b964179afa1cd6dd6a1b4e7c1cfe09666dc447"}
,"C:\\Users\\bromotdi\\components\\src\\components\\ItemList\\ItemList.tsx": {"path":"C:\\Users\\bromotdi\\components\\src\\components\\ItemList\\ItemList.tsx","statementMap":{"0":{"start":{"line":13,"column":4},"end":{"line":13,"column":17}},"1":{"start":{"line":17,"column":4},"end":{"line":26,"column":6}},"2":{"start":{"line":22,"column":12},"end":{"line":22,"column":54}}},"fnMap":{"0":{"name":"(anonymous_0)","decl":{"start":{"line":12,"column":2},"end":{"line":12,"column":3}},"loc":{"start":{"line":12,"column":36},"end":{"line":14,"column":3}},"line":12},"1":{"name":"(anonymous_1)","decl":{"start":{"line":16,"column":2},"end":{"line":16,"column":3}},"loc":{"start":{"line":16,"column":11},"end":{"line":27,"column":3}},"line":16},"2":{"name":"(anonymous_2)","decl":{"start":{"line":21,"column":35},"end":{"line":21,"column":36}},"loc":{"start":{"line":22,"column":12},"end":{"line":22,"column":54}},"line":22}},"branchMap":{},"s":{"0":5,"1":5,"2":18},"f":{"0":5,"1":5,"2":18},"b":{},"_coverageSchema":"1a1c01bbd47fc00a2c39e90264f33305004495a9","hash":"16b1770d22707fa203a13ebc04e4029afab0c248"}
,"C:\\Users\\bromotdi\\components\\src\\components\\ItemList\\index.ts": {"path":"C:\\Users\\bromotdi\\components\\src\\components\\ItemList\\index.ts","statementMap":{},"fnMap":{},"branchMap":{},"s":{},"f":{},"b":{},"_coverageSchema":"1a1c01bbd47fc00a2c39e90264f33305004495a9","hash":"551ec1cbd3060f3c7d2ccff7281974e762933ac3"}
,"C:\\Users\\bromotdi\\components\\src\\components\\ItemList\\PersonCard\\PersonCard.tsx": {"path":"C:\\Users\\bromotdi\\components\\src\\components\\ItemList\\PersonCard\\PersonCard.tsx","statementMap":{"0":{"start":{"line":11,"column":4},"end":{"line":11,"column":17}},"1":{"start":{"line":15,"column":63},"end":{"line":15,"column":80}},"2":{"start":{"line":16,"column":4},"end":{"line":39,"column":6}}},"fnMap":{"0":{"name":"(anonymous_0)","decl":{"start":{"line":10,"column":2},"end":{"line":10,"column":3}},"loc":{"start":{"line":10,"column":38},"end":{"line":12,"column":3}},"line":10},"1":{"name":"(anonymous_1)","decl":{"start":{"line":14,"column":2},"end":{"line":14,"column":3}},"loc":{"start":{"line":14,"column":11},"end":{"line":40,"column":3}},"line":14}},"branchMap":{},"s":{"0":20,"1":20,"2":20},"f":{"0":20,"1":20},"b":{},"_coverageSchema":"1a1c01bbd47fc00a2c39e90264f33305004495a9","hash":"6ab17d2454355a1dd764890e0198a94607f02697"}
,"C:\\Users\\bromotdi\\components\\src\\components\\ItemList\\PersonCard\\index.ts": {"path":"C:\\Users\\bromotdi\\components\\src\\components\\ItemList\\PersonCard\\index.ts","statementMap":{},"fnMap":{},"branchMap":{},"s":{},"f":{},"b":{},"_coverageSchema":"1a1c01bbd47fc00a2c39e90264f33305004495a9","hash":"dcb060eca835826a5024e01076d5a6371149eece"}
,"C:\\Users\\bromotdi\\components\\src\\components\\PageLayout\\PageLayout.tsx": {"path":"C:\\Users\\bromotdi\\components\\src\\components\\PageLayout\\PageLayout.tsx","statementMap":{"0":{"start":{"line":10,"column":4},"end":{"line":18,"column":6}}},"fnMap":{"0":{"name":"(anonymous_0)","decl":{"start":{"line":9,"column":2},"end":{"line":9,"column":3}},"loc":{"start":{"line":9,"column":11},"end":{"line":19,"column":3}},"line":9}},"branchMap":{},"s":{"0":2},"f":{"0":2},"b":{},"_coverageSchema":"1a1c01bbd47fc00a2c39e90264f33305004495a9","hash":"74869a86eeddcd0b5196c37ce33c503f0783ff59"}
,"C:\\Users\\bromotdi\\components\\src\\components\\PageLayout\\index.ts": {"path":"C:\\Users\\bromotdi\\components\\src\\components\\PageLayout\\index.ts","statementMap":{},"fnMap":{},"branchMap":{},"s":{},"f":{},"b":{},"_coverageSchema":"1a1c01bbd47fc00a2c39e90264f33305004495a9","hash":"3062eb8f188c904d66dac7e2692da0392ea68df2"}
,"C:\\Users\\bromotdi\\components\\src\\components\\Search\\Search.tsx": {"path":"C:\\Users\\bromotdi\\components\\src\\components\\Search\\Search.tsx","statementMap":{"0":{"start":{"line":6,"column":10},"end":{"line":8,"column":3}},"1":{"start":{"line":10,"column":16},"end":{"line":14,"column":3}},"2":{"start":{"line":11,"column":21},"end":{"line":11,"column":35}},"3":{"start":{"line":13,"column":4},"end":{"line":13,"column":45}},"4":{"start":{"line":17,"column":24},"end":{"line":17,"column":59}},"5":{"start":{"line":18,"column":4},"end":{"line":18,"column":48}},"6":{"start":{"line":22,"column":4},"end":{"line":22,"column":64}},"7":{"start":{"line":26,"column":4},"end":{"line":38,"column":6}}},"fnMap":{"0":{"name":"(anonymous_0)","decl":{"start":{"line":10,"column":16},"end":{"line":10,"column":17}},"loc":{"start":{"line":10,"column":66},"end":{"line":14,"column":3}},"line":10},"1":{"name":"(anonymous_1)","decl":{"start":{"line":16,"column":2},"end":{"line":16,"column":3}},"loc":{"start":{"line":16,"column":30},"end":{"line":19,"column":3}},"line":16},"2":{"name":"(anonymous_2)","decl":{"start":{"line":21,"column":2},"end":{"line":21,"column":3}},"loc":{"start":{"line":21,"column":25},"end":{"line":23,"column":3}},"line":21},"3":{"name":"(anonymous_3)","decl":{"start":{"line":25,"column":2},"end":{"line":25,"column":3}},"loc":{"start":{"line":25,"column":11},"end":{"line":39,"column":3}},"line":25}},"branchMap":{},"s":{"0":9,"1":9,"2":1,"3":1,"4":9,"5":9,"6":9,"7":10},"f":{"0":1,"1":9,"2":9,"3":10},"b":{},"_coverageSchema":"1a1c01bbd47fc00a2c39e90264f33305004495a9","hash":"263f080ccde7f2ebdfb0280e8af68fe29d3bd768"}
,"C:\\Users\\bromotdi\\components\\src\\components\\Search\\index.ts": {"path":"C:\\Users\\bromotdi\\components\\src\\components\\Search\\index.ts","statementMap":{},"fnMap":{},"branchMap":{},"s":{},"f":{},"b":{},"_coverageSchema":"1a1c01bbd47fc00a2c39e90264f33305004495a9","hash":"4cd4d6768d45c255184477fee454d4d5d41a9da2"}
,"C:\\Users\\bromotdi\\components\\src\\pages\\AboutPage\\AboutPage.tsx": {"path":"C:\\Users\\bromotdi\\components\\src\\pages\\AboutPage\\AboutPage.tsx","statementMap":{"0":{"start":{"line":6,"column":4},"end":{"line":33,"column":6}}},"fnMap":{"0":{"name":"(anonymous_0)","decl":{"start":{"line":5,"column":2},"end":{"line":5,"column":3}},"loc":{"start":{"line":5,"column":11},"end":{"line":34,"column":3}},"line":5}},"branchMap":{},"s":{"0":2},"f":{"0":2},"b":{},"_coverageSchema":"1a1c01bbd47fc00a2c39e90264f33305004495a9","hash":"d4307c02bdc8a5f4d14365fc97fcd6a6f95fa004"}
,"C:\\Users\\bromotdi\\components\\src\\pages\\AboutPage\\index.ts": {"path":"C:\\Users\\bromotdi\\components\\src\\pages\\AboutPage\\index.ts","statementMap":{},"fnMap":{},"branchMap":{},"s":{},"f":{},"b":{}}
,"C:\\Users\\bromotdi\\components\\src\\pages\\HomePage\\HomePage.tsx": {"path":"C:\\Users\\bromotdi\\components\\src\\pages\\HomePage\\HomePage.tsx","statementMap":{"0":{"start":{"line":12,"column":4},"end":{"line":12,"column":17}},"1":{"start":{"line":15,"column":4},"end":{"line":20,"column":6}}},"fnMap":{"0":{"name":"(anonymous_0)","decl":{"start":{"line":11,"column":2},"end":{"line":11,"column":3}},"loc":{"start":{"line":11,"column":36},"end":{"line":13,"column":3}},"line":11},"1":{"name":"(anonymous_1)","decl":{"start":{"line":14,"column":2},"end":{"line":14,"column":3}},"loc":{"start":{"line":14,"column":11},"end":{"line":21,"column":3}},"line":14}},"branchMap":{},"s":{"0":5,"1":3},"f":{"0":5,"1":3},"b":{},"_coverageSchema":"1a1c01bbd47fc00a2c39e90264f33305004495a9","hash":"6645c13fe870d038d86cf5e39f3396b0f407240a"}
,"C:\\Users\\bromotdi\\components\\src\\pages\\HomePage\\index.ts": {"path":"C:\\Users\\bromotdi\\components\\src\\pages\\HomePage\\index.ts","statementMap":{},"fnMap":{},"branchMap":{},"s":{},"f":{},"b":{},"_coverageSchema":"1a1c01bbd47fc00a2c39e90264f33305004495a9","hash":"9b3a70f5265c5de6743262ea2d07aa77db742baa"}
,"C:\\Users\\bromotdi\\components\\src\\pages\\NotFoundPage\\NotFoundPage.tsx": {"path":"C:\\Users\\bromotdi\\components\\src\\pages\\NotFoundPage\\NotFoundPage.tsx","statementMap":{"0":{"start":{"line":8,"column":4},"end":{"line":14,"column":6}}},"fnMap":{"0":{"name":"(anonymous_0)","decl":{"start":{"line":7,"column":2},"end":{"line":7,"column":3}},"loc":{"start":{"line":7,"column":11},"end":{"line":15,"column":3}},"line":7}},"branchMap":{},"s":{"0":2},"f":{"0":2},"b":{},"_coverageSchema":"1a1c01bbd47fc00a2c39e90264f33305004495a9","hash":"b0c19a334f771c0ef1d64eee9ffe994d1982a672"}
,"C:\\Users\\bromotdi\\components\\src\\pages\\NotFoundPage\\index.ts": {"path":"C:\\Users\\bromotdi\\components\\src\\pages\\NotFoundPage\\index.ts","statementMap":{},"fnMap":{},"branchMap":{},"s":{},"f":{},"b":{}}
}
